Determining if the pthread_create exist failed with the following output:
Change Dir: /home/fjord/Desktop/Modern C++/HW/hw2/igg_image/build/CMakeFiles/CMakeTmp

Run Build Command:"/usr/bin/make" "cmTC_6cf5a/fast"
/usr/bin/make -f CMakeFiles/cmTC_6cf5a.dir/build.make CMakeFiles/cmTC_6cf5a.dir/build
make[1]: Entering directory '/home/fjord/Desktop/Modern C++/HW/hw2/igg_image/build/CMakeFiles/CMakeTmp'
Building C object CMakeFiles/cmTC_6cf5a.dir/CheckSymbolExists.c.o
/usr/bin/cc    -o CMakeFiles/cmTC_6cf5a.dir/CheckSymbolExists.c.o   -c "/home/fjord/Desktop/Modern C++/HW/hw2/igg_image/build/CMakeFiles/CMakeTmp/CheckSymbolExists.c"
Linking C executable cmTC_6cf5a
/usr/bin/cmake -E cmake_link_script CMakeFiles/cmTC_6cf5a.dir/link.txt --verbose=1
/usr/bin/cc      -rdynamic CMakeFiles/cmTC_6cf5a.dir/CheckSymbolExists.c.o  -o cmTC_6cf5a 
CMakeFiles/cmTC_6cf5a.dir/CheckSymbolExists.c.o: In function `main':
CheckSymbolExists.c:(.text+0x1b): undefined reference to `pthread_create'
collect2: error: ld returned 1 exit status
CMakeFiles/cmTC_6cf5a.dir/build.make:97: recipe for target 'cmTC_6cf5a' failed
make[1]: *** [cmTC_6cf5a] Error 1
make[1]: Leaving directory '/home/fjord/Desktop/Modern C++/HW/hw2/igg_image/build/CMakeFiles/CMakeTmp'
Makefile:126: recipe for target 'cmTC_6cf5a/fast' failed
make: *** [cmTC_6cf5a/fast] Error 2

File /home/fjord/Desktop/Modern C++/HW/hw2/igg_image/build/CMakeFiles/CMakeTmp/CheckSymbolExists.c:
/* */
#include <pthread.h>

int main(int argc, char** argv)
{
  (void)argv;
#ifndef pthread_create
  return ((int*)(&pthread_create))[argc];
#else
  (void)argc;
  return 0;
#endif
}

Determining if the function pthread_create exists in the pthreads failed with the following output:
Change Dir: /home/fjord/Desktop/Modern C++/HW/hw2/igg_image/build/CMakeFiles/CMakeTmp

Run Build Command:"/usr/bin/make" "cmTC_ce45b/fast"
/usr/bin/make -f CMakeFiles/cmTC_ce45b.dir/build.make CMakeFiles/cmTC_ce45b.dir/build
make[1]: Entering directory '/home/fjord/Desktop/Modern C++/HW/hw2/igg_image/build/CMakeFiles/CMakeTmp'
Building C object CMakeFiles/cmTC_ce45b.dir/CheckFunctionExists.c.o
/usr/bin/cc   -DCHECK_FUNCTION_EXISTS=pthread_create   -o CMakeFiles/cmTC_ce45b.dir/CheckFunctionExists.c.o   -c /usr/share/cmake-3.10/Modules/CheckFunctionExists.c
Linking C executable cmTC_ce45b
/usr/bin/cmake -E cmake_link_script CMakeFiles/cmTC_ce45b.dir/link.txt --verbose=1
/usr/bin/cc  -DCHECK_FUNCTION_EXISTS=pthread_create    -rdynamic CMakeFiles/cmTC_ce45b.dir/CheckFunctionExists.c.o  -o cmTC_ce45b -lpthreads 
/usr/bin/ld: cannot find -lpthreads
collect2: error: ld returned 1 exit status
CMakeFiles/cmTC_ce45b.dir/build.make:97: recipe for target 'cmTC_ce45b' failed
make[1]: *** [cmTC_ce45b] Error 1
make[1]: Leaving directory '/home/fjord/Desktop/Modern C++/HW/hw2/igg_image/build/CMakeFiles/CMakeTmp'
Makefile:126: recipe for target 'cmTC_ce45b/fast' failed
make: *** [cmTC_ce45b/fast] Error 2


